BEGIN PROFILING DUMP
Sorted by Exclusive Time
Name                               Calls Incl T(ms) Excl T(ms) Excl/calls
SETUP-IMPORTANCE-OF-NEEDS-VALUE-BASED       310     53.925     31.612      0.102
MAP-HOFSTEDE-DIMENSIONS-TO-SCHWARTZ-VALUES       620     24.867     21.581      0.035
SETUP-PERSON                         310    136.767     16.355      0.053
SETUP-RELATION-TO-GATHERING-POINTS1       310     32.893     13.165      0.042
CREATE-HOUSEHOLD                     100    145.639      8.565      0.086
SETUP-RELATION-TO-GATHERING-POINTS       310     39.444      6.551      0.021
SETUP-PERSON1                        310    116.083      5.096      0.016
FOOD-SAFETY-NEED-SATISFACTION       1240      8.097      4.596      0.004
LOAD-NATIONS-HOFSTEDE-DIMENSION-SCORES       310      3.645      3.645      0.012
SETUP-ACTIVITIES                       1      3.512      3.504      3.504
SETUP-WORKER-RELATION-TO-GATHERING-POINT       310      6.736      3.105      0.010
GATHERERS                           3563      2.702      2.702      0.001
CLAMP                              10848      2.579      2.579      0.000
SETUP-DISEASE-PROFILE                310      2.380      2.380      0.008
WEIGHTED-MEAN                       1240      2.091      2.091      0.002
CONFIGURE-AGENT-VALUE-SYSTEM         620      2.012      2.012      0.003
IS-WORKER?                          7076      1.553      1.553      0.000
MY-STARTING-AMOUNT-OF-CAPITAL        310      1.949      1.480      0.005
FINANCIAL-SAFETY-NEED-SATISFACTION      1084      1.662      1.455      0.001
AMOUNT-OF-RATIONS-I-BUY-WHEN-GOING-TO-ESSENTIAL-SHOPS      2480      3.046      1.410      0.001
SHOPS                                 27      3.442      1.300      0.048
IS-YOUNG?                           2134      1.497      1.226      0.001
SAFETY-NEED-SATISFACTION             620      2.797      1.219      0.002
SELF-ESTEEM-NEED-SATISFACTION        620      2.130      1.129      0.002
WORKERS                               18      2.208      1.116      0.062
IS-CURRENTLY-BEING-TREATED-AT-HOSPITAL?      1240      1.408      1.113      0.001
FINANCIAL-SURVIVAL-NEED-SATISFACTION      1240      2.357      1.074      0.001
UPDATE-PEOPLE-DISPLAY                310      1.420      1.045      0.003
IS-SHOP?                            2802      2.142      0.917      0.000
SETUP-PERSON-NEEDS                   310     70.903      0.900      0.003
DEFAULT-COLOR                        620      0.770      0.770      0.001
IS-ESSENTIAL-SHOP?                  2802      0.756      0.756      0.000
CREATE-ALL-HOUSEHOLDS                  1    146.452      0.750      0.750
SETUP-SOCIAL-NETWORKS                  1      1.489      0.649      0.649
HEALTH-NEED-SATISFACTION            1240      1.163      0.640      0.001
HOUSES-HOSTING-ADULTS2                 1      1.102      0.575      0.575
IS-CURRENTLY-WATCHED-BY-AN-ADULT?        78      1.497      0.546      0.007
CHILDREN                               6      1.550      0.537      0.089
IS-ADULT?                           1128      1.096      0.536      0.000
IS-BELIEVING-TO-BE-INFECTED?        1240      0.523      0.523      0.000
RATIO-INFECTED                       313      0.508      0.508      0.002
TOTAL-AMOUNT-OF-RESOURCES-AVAILABLE-IN-THE-SYSTEM         2      0.497      0.497      0.249
IS-NON-ESSENTIAL-SHOP?              2667      0.469      0.469      0.000
IS-STUDENT?                         1712      0.463      0.463      0.000
IS-INFECTED?                         623      0.443      0.443      0.001
YOUNG-AGE                           2290      0.442      0.442      0.000
IS-SOCIAL-DISTANCING-MEASURE-ACTIVE?       311      0.945      0.439      0.001
IS-WORKING?                          896      0.528      0.406      0.000
CURRENT-GATHERERS                     78      0.405      0.405      0.005
YOUNG-AVERAGE-AMOUNT-OF-CAPITAL         1      0.363      0.363      0.363
RETIREES-AVERAGE-AMOUNT-OF-CAPITAL         1      0.361      0.361      0.361
STUDENTS-AVERAGE-AMOUNT-OF-CAPITAL         1      0.359      0.359      0.359
TREATMENT-MOTIVE                    1550      0.324      0.324      0.000
WORKER-AGE                           405      0.282      0.282      0.001
IS-AT-HOME?                          698      0.277      0.277      0.000
RETIRED-AGE                          284      0.213      0.213      0.001
#ADULT-PEOPLE-OUT-OF-CAPITAL           1      0.211      0.211      0.211
HOUSES-HOSTING-MULTIPLE-GENERATIONS         1      0.325      0.186      0.186
HOUSES-HOSTING-FAMILY                  1      0.301      0.182      0.182
IS-RETIRED?                          934      0.173      0.173      0.000
#UNIVERSITIES-OUT-OF-CAPITAL           1      0.164      0.164      0.164
IS-AT-WORK?                          310      0.230      0.157      0.001
IS-WORKING-AT-HOME?                  112      0.272      0.155      0.001
#WORKERS-OUT-OF-CAPITAL                1      0.148      0.148      0.148
IS-AT-PUBLIC-LEISURE-PLACE?          310      0.201      0.137      0.000
#HOSPITALS-OUT-OF-CAPITAL              1      0.130      0.130      0.130
HOUSES-HOSTING-RETIRED-COUPLE          1      0.267      0.129      0.129
IS-WORKING-MOTIVE?                   896      0.122      0.122      0.000
IS-AT-UNIVERSITY?                    310      0.182      0.120      0.000
IS-AT-PRIVATE-LEISURE-PLACE?         310      0.178      0.120      0.000
UPDATE-DISPLAY                         1      1.531      0.111      0.111
STUDENT-AGE                          129      0.111      0.111      0.001
#WORKERS-WORKING-AT-HOSPITAL           1      0.268      0.110      0.110
IS-WORKING-AT-WORK?                  112      0.218      0.109      0.001
#RETIRED-OUT-OF-CAPITAL                1      0.106      0.106      0.106
ESSENTIAL-SHOP-AMOUNT-OF-CAPITAL         1      0.106      0.106      0.106
ESSENTIAL-SHOP-AMOUNT-OF-GOODS-IN-STOCK         1      0.106      0.106      0.106
#STUDENTS-OUT-OF-CAPITAL               1      0.100      0.100      0.100
#WORKERS-WORKING-AT-SCHOOL             1      0.241      0.080      0.080
NON-ESSENTIAL-SHOP-AMOUNT-OF-CAPITAL         1      0.073      0.073      0.073
NON-ESSENTIAL-SHOP-AMOUNT-OF-GOODS-IN-STOCK         1      0.069      0.069      0.069
WORKPLACE-AMOUNT-OF-GOODS-IN-STOCK         1      0.067      0.067      0.067
UNIVERSITY-AMOUNT-OF-CAPITAL           1      0.067      0.067      0.067
WORKPLACE-AMOUNT-OF-CAPITAL            1      0.065      0.065      0.065
IS-PUBLIC-LEISURE?                   310      0.065      0.065      0.000
RETIREDS                               1      0.105      0.064      0.064
#ESSENTIAL-SHOPS-OUT-OF-CAPITAL         1      0.063      0.063      0.063
IS-UNIVERSITY?                       310      0.062      0.062      0.000
HOSPITAL-AMOUNT-OF-CAPITAL             1      0.061      0.061      0.061
INFECT-ONE-RANDOM-PERSON               1      0.100      0.059      0.059
IS-PRIVATE-LEISURE?                  310      0.059      0.059      0.000
SCHOOL-AMOUNT-OF-CAPITAL               1      0.059      0.059      0.059
WORKERS-AVERAGE-AMOUNT-OF-CAPITAL         1      0.222      0.055      0.055
STUDENTS                               1      0.093      0.055      0.055
#WORKPLACES-OUT-OF-CAPITAL             1      0.053      0.053      0.053
#NON-ESSENTIAL-SHOPS-OUT-OF-CAPITAL         1      0.051      0.051      0.051
IS-AWAY?                             274      0.049      0.049      0.000
#SCHOOLS-OUT-OF-CAPITAL                1      0.048      0.048      0.048
#UNIVERSITY-WORKERS                    1      0.205      0.045      0.045
VELOCITY-OF-MONEY-IN-TOTAL-SYSTEM         1      0.293      0.045      0.045
HEALTHY-INFECTION-STATUS             310      0.042      0.042      0.000
#ESSENTIAL-SHOP-WORKERS                1      0.157      0.038      0.038
IMMUNE-INFECTION-STATUS              313      0.037      0.037      0.000
#HOSPITAL-WORKERS                      1      0.149      0.037      0.037
#NON-ESSENTIAL-SHOP-WORKERS            1      0.159      0.036      0.036
#WORKERS-WORKING-AT-ESSENTIAL-SHOP         1      0.214      0.035      0.035
#WORKPLACE-WORKERS                     1      0.105      0.034      0.034
#WORKERS-WORKING-AT-UNIVERSITY         1      0.180      0.032      0.032
#WORKERS-WORKING-AT-NON-ESSENTIAL-SHOP         1      0.180      0.032      0.032
#WORKERS-WORKING-AT-WORKPLACE          1      0.179      0.031      0.031
#SCHOOL-WORKERS                        1      0.111      0.024      0.024
SET-INFECTION-STATUS                   3      0.037      0.021      0.007
CLOSED-NON-ESSENTIAL?                  1      0.021      0.019      0.019
CHECK-PARAMETERS                       1      0.011      0.011      0.011
SETUP-ACTIVITY-ANIMATE-POSITIONS         1      0.008      0.008      0.008
CLOSED-SCHOOLS?                        1      0.008      0.007      0.007
INFECTED-ASYMPTOMATIC-STATUS           6      0.005      0.005      0.001
IS-INFECTION-STATUS?                   3      0.008      0.005      0.002
INFECTED-CRITICAL-INFECTION-STATUS         3      0.002      0.002      0.001

Sorted by Inclusive Time
CREATE-ALL-HOUSEHOLDS                  1    146.452      0.750      0.750
CREATE-HOUSEHOLD                     100    145.639      8.565      0.086
SETUP-PERSON                         310    136.767     16.355      0.053
SETUP-PERSON1                        310    116.083      5.096      0.016
SETUP-PERSON-NEEDS                   310     70.903      0.900      0.003
SETUP-IMPORTANCE-OF-NEEDS-VALUE-BASED       310     53.925     31.612      0.102
SETUP-RELATION-TO-GATHERING-POINTS       310     39.444      6.551      0.021
SETUP-RELATION-TO-GATHERING-POINTS1       310     32.893     13.165      0.042
MAP-HOFSTEDE-DIMENSIONS-TO-SCHWARTZ-VALUES       620     24.867     21.581      0.035
FOOD-SAFETY-NEED-SATISFACTION       1240      8.097      4.596      0.004
SETUP-WORKER-RELATION-TO-GATHERING-POINT       310      6.736      3.105      0.010
LOAD-NATIONS-HOFSTEDE-DIMENSION-SCORES       310      3.645      3.645      0.012
SETUP-ACTIVITIES                       1      3.512      3.504      3.504
SHOPS                                 27      3.442      1.300      0.048
AMOUNT-OF-RATIONS-I-BUY-WHEN-GOING-TO-ESSENTIAL-SHOPS      2480      3.046      1.410      0.001
SAFETY-NEED-SATISFACTION             620      2.797      1.219      0.002
GATHERERS                           3563      2.702      2.702      0.001
CLAMP                              10848      2.579      2.579      0.000
SETUP-DISEASE-PROFILE                310      2.380      2.380      0.008
FINANCIAL-SURVIVAL-NEED-SATISFACTION      1240      2.357      1.074      0.001
WORKERS                               18      2.208      1.116      0.062
IS-SHOP?                            2802      2.142      0.917      0.000
SELF-ESTEEM-NEED-SATISFACTION        620      2.130      1.129      0.002
WEIGHTED-MEAN                       1240      2.091      2.091      0.002
CONFIGURE-AGENT-VALUE-SYSTEM         620      2.012      2.012      0.003
MY-STARTING-AMOUNT-OF-CAPITAL        310      1.949      1.480      0.005
FINANCIAL-SAFETY-NEED-SATISFACTION      1084      1.662      1.455      0.001
IS-WORKER?                          7076      1.553      1.553      0.000
CHILDREN                               6      1.550      0.537      0.089
UPDATE-DISPLAY                         1      1.531      0.111      0.111
IS-YOUNG?                           2134      1.497      1.226      0.001
IS-CURRENTLY-WATCHED-BY-AN-ADULT?        78      1.497      0.546      0.007
SETUP-SOCIAL-NETWORKS                  1      1.489      0.649      0.649
UPDATE-PEOPLE-DISPLAY                310      1.420      1.045      0.003
IS-CURRENTLY-BEING-TREATED-AT-HOSPITAL?      1240      1.408      1.113      0.001
HEALTH-NEED-SATISFACTION            1240      1.163      0.640      0.001
HOUSES-HOSTING-ADULTS2                 1      1.102      0.575      0.575
IS-ADULT?                           1128      1.096      0.536      0.000
IS-SOCIAL-DISTANCING-MEASURE-ACTIVE?       311      0.945      0.439      0.001
DEFAULT-COLOR                        620      0.770      0.770      0.001
IS-ESSENTIAL-SHOP?                  2802      0.756      0.756      0.000
IS-WORKING?                          896      0.528      0.406      0.000
IS-BELIEVING-TO-BE-INFECTED?        1240      0.523      0.523      0.000
RATIO-INFECTED                       313      0.508      0.508      0.002
TOTAL-AMOUNT-OF-RESOURCES-AVAILABLE-IN-THE-SYSTEM         2      0.497      0.497      0.249
IS-NON-ESSENTIAL-SHOP?              2667      0.469      0.469      0.000
IS-STUDENT?                         1712      0.463      0.463      0.000
IS-INFECTED?                         623      0.443      0.443      0.001
YOUNG-AGE                           2290      0.442      0.442      0.000
CURRENT-GATHERERS                     78      0.405      0.405      0.005
YOUNG-AVERAGE-AMOUNT-OF-CAPITAL         1      0.363      0.363      0.363
RETIREES-AVERAGE-AMOUNT-OF-CAPITAL         1      0.361      0.361      0.361
STUDENTS-AVERAGE-AMOUNT-OF-CAPITAL         1      0.359      0.359      0.359
HOUSES-HOSTING-MULTIPLE-GENERATIONS         1      0.325      0.186      0.186
TREATMENT-MOTIVE                    1550      0.324      0.324      0.000
HOUSES-HOSTING-FAMILY                  1      0.301      0.182      0.182
VELOCITY-OF-MONEY-IN-TOTAL-SYSTEM         1      0.293      0.045      0.045
WORKER-AGE                           405      0.282      0.282      0.001
IS-AT-HOME?                          698      0.277      0.277      0.000
IS-WORKING-AT-HOME?                  112      0.272      0.155      0.001
#WORKERS-WORKING-AT-HOSPITAL           1      0.268      0.110      0.110
HOUSES-HOSTING-RETIRED-COUPLE          1      0.267      0.129      0.129
#WORKERS-WORKING-AT-SCHOOL             1      0.241      0.080      0.080
IS-AT-WORK?                          310      0.230      0.157      0.001
WORKERS-AVERAGE-AMOUNT-OF-CAPITAL         1      0.222      0.055      0.055
IS-WORKING-AT-WORK?                  112      0.218      0.109      0.001
#WORKERS-WORKING-AT-ESSENTIAL-SHOP         1      0.214      0.035      0.035
RETIRED-AGE                          284      0.213      0.213      0.001
#ADULT-PEOPLE-OUT-OF-CAPITAL           1      0.211      0.211      0.211
#UNIVERSITY-WORKERS                    1      0.205      0.045      0.045
IS-AT-PUBLIC-LEISURE-PLACE?          310      0.201      0.137      0.000
IS-AT-UNIVERSITY?                    310      0.182      0.120      0.000
#WORKERS-WORKING-AT-UNIVERSITY         1      0.180      0.032      0.032
#WORKERS-WORKING-AT-NON-ESSENTIAL-SHOP         1      0.180      0.032      0.032
#WORKERS-WORKING-AT-WORKPLACE          1      0.179      0.031      0.031
IS-AT-PRIVATE-LEISURE-PLACE?         310      0.178      0.120      0.000
IS-RETIRED?                          934      0.173      0.173      0.000
#UNIVERSITIES-OUT-OF-CAPITAL           1      0.164      0.164      0.164
#NON-ESSENTIAL-SHOP-WORKERS            1      0.159      0.036      0.036
#ESSENTIAL-SHOP-WORKERS                1      0.157      0.038      0.038
#HOSPITAL-WORKERS                      1      0.149      0.037      0.037
#WORKERS-OUT-OF-CAPITAL                1      0.148      0.148      0.148
#HOSPITALS-OUT-OF-CAPITAL              1      0.130      0.130      0.130
IS-WORKING-MOTIVE?                   896      0.122      0.122      0.000
#SCHOOL-WORKERS                        1      0.111      0.024      0.024
STUDENT-AGE                          129      0.111      0.111      0.001
#RETIRED-OUT-OF-CAPITAL                1      0.106      0.106      0.106
ESSENTIAL-SHOP-AMOUNT-OF-CAPITAL         1      0.106      0.106      0.106
ESSENTIAL-SHOP-AMOUNT-OF-GOODS-IN-STOCK         1      0.106      0.106      0.106
#WORKPLACE-WORKERS                     1      0.105      0.034      0.034
RETIREDS                               1      0.105      0.064      0.064
#STUDENTS-OUT-OF-CAPITAL               1      0.100      0.100      0.100
INFECT-ONE-RANDOM-PERSON               1      0.100      0.059      0.059
STUDENTS                               1      0.093      0.055      0.055
NON-ESSENTIAL-SHOP-AMOUNT-OF-CAPITAL         1      0.073      0.073      0.073
NON-ESSENTIAL-SHOP-AMOUNT-OF-GOODS-IN-STOCK         1      0.069      0.069      0.069
WORKPLACE-AMOUNT-OF-GOODS-IN-STOCK         1      0.067      0.067      0.067
UNIVERSITY-AMOUNT-OF-CAPITAL           1      0.067      0.067      0.067
WORKPLACE-AMOUNT-OF-CAPITAL            1      0.065      0.065      0.065
IS-PUBLIC-LEISURE?                   310      0.065      0.065      0.000
#ESSENTIAL-SHOPS-OUT-OF-CAPITAL         1      0.063      0.063      0.063
IS-UNIVERSITY?                       310      0.062      0.062      0.000
HOSPITAL-AMOUNT-OF-CAPITAL             1      0.061      0.061      0.061
IS-PRIVATE-LEISURE?                  310      0.059      0.059      0.000
SCHOOL-AMOUNT-OF-CAPITAL               1      0.059      0.059      0.059
#WORKPLACES-OUT-OF-CAPITAL             1      0.053      0.053      0.053
#NON-ESSENTIAL-SHOPS-OUT-OF-CAPITAL         1      0.051      0.051      0.051
IS-AWAY?                             274      0.049      0.049      0.000
#SCHOOLS-OUT-OF-CAPITAL                1      0.048      0.048      0.048
HEALTHY-INFECTION-STATUS             310      0.042      0.042      0.000
IMMUNE-INFECTION-STATUS              313      0.037      0.037      0.000
SET-INFECTION-STATUS                   3      0.037      0.021      0.007
CLOSED-NON-ESSENTIAL?                  1      0.021      0.019      0.019
CHECK-PARAMETERS                       1      0.011      0.011      0.011
IS-INFECTION-STATUS?                   3      0.008      0.005      0.002
SETUP-ACTIVITY-ANIMATE-POSITIONS         1      0.008      0.008      0.008
CLOSED-SCHOOLS?                        1      0.008      0.007      0.007
INFECTED-ASYMPTOMATIC-STATUS           6      0.005      0.005      0.001
INFECTED-CRITICAL-INFECTION-STATUS         3      0.002      0.002      0.001

Sorted by Number of Calls
CLAMP                              10848      2.579      2.579      0.000
IS-WORKER?                          7076      1.553      1.553      0.000
GATHERERS                           3563      2.702      2.702      0.001
IS-SHOP?                            2802      2.142      0.917      0.000
IS-ESSENTIAL-SHOP?                  2802      0.756      0.756      0.000
IS-NON-ESSENTIAL-SHOP?              2667      0.469      0.469      0.000
AMOUNT-OF-RATIONS-I-BUY-WHEN-GOING-TO-ESSENTIAL-SHOPS      2480      3.046      1.410      0.001
YOUNG-AGE                           2290      0.442      0.442      0.000
IS-YOUNG?                           2134      1.497      1.226      0.001
IS-STUDENT?                         1712      0.463      0.463      0.000
TREATMENT-MOTIVE                    1550      0.324      0.324      0.000
FOOD-SAFETY-NEED-SATISFACTION       1240      8.097      4.596      0.004
FINANCIAL-SURVIVAL-NEED-SATISFACTION      1240      2.357      1.074      0.001
WEIGHTED-MEAN                       1240      2.091      2.091      0.002
IS-CURRENTLY-BEING-TREATED-AT-HOSPITAL?      1240      1.408      1.113      0.001
HEALTH-NEED-SATISFACTION            1240      1.163      0.640      0.001
IS-BELIEVING-TO-BE-INFECTED?        1240      0.523      0.523      0.000
IS-ADULT?                           1128      1.096      0.536      0.000
FINANCIAL-SAFETY-NEED-SATISFACTION      1084      1.662      1.455      0.001
IS-RETIRED?                          934      0.173      0.173      0.000
IS-WORKING?                          896      0.528      0.406      0.000
IS-WORKING-MOTIVE?                   896      0.122      0.122      0.000
IS-AT-HOME?                          698      0.277      0.277      0.000
IS-INFECTED?                         623      0.443      0.443      0.001
MAP-HOFSTEDE-DIMENSIONS-TO-SCHWARTZ-VALUES       620     24.867     21.581      0.035
SAFETY-NEED-SATISFACTION             620      2.797      1.219      0.002
SELF-ESTEEM-NEED-SATISFACTION        620      2.130      1.129      0.002
CONFIGURE-AGENT-VALUE-SYSTEM         620      2.012      2.012      0.003
DEFAULT-COLOR                        620      0.770      0.770      0.001
WORKER-AGE                           405      0.282      0.282      0.001
RATIO-INFECTED                       313      0.508      0.508      0.002
IMMUNE-INFECTION-STATUS              313      0.037      0.037      0.000
IS-SOCIAL-DISTANCING-MEASURE-ACTIVE?       311      0.945      0.439      0.001
SETUP-PERSON                         310    136.767     16.355      0.053
SETUP-PERSON1                        310    116.083      5.096      0.016
SETUP-PERSON-NEEDS                   310     70.903      0.900      0.003
SETUP-IMPORTANCE-OF-NEEDS-VALUE-BASED       310     53.925     31.612      0.102
SETUP-RELATION-TO-GATHERING-POINTS       310     39.444      6.551      0.021
SETUP-RELATION-TO-GATHERING-POINTS1       310     32.893     13.165      0.042
SETUP-WORKER-RELATION-TO-GATHERING-POINT       310      6.736      3.105      0.010
LOAD-NATIONS-HOFSTEDE-DIMENSION-SCORES       310      3.645      3.645      0.012
SETUP-DISEASE-PROFILE                310      2.380      2.380      0.008
MY-STARTING-AMOUNT-OF-CAPITAL        310      1.949      1.480      0.005
UPDATE-PEOPLE-DISPLAY                310      1.420      1.045      0.003
IS-AT-WORK?                          310      0.230      0.157      0.001
IS-AT-PUBLIC-LEISURE-PLACE?          310      0.201      0.137      0.000
IS-AT-UNIVERSITY?                    310      0.182      0.120      0.000
IS-AT-PRIVATE-LEISURE-PLACE?         310      0.178      0.120      0.000
IS-PUBLIC-LEISURE?                   310      0.065      0.065      0.000
IS-UNIVERSITY?                       310      0.062      0.062      0.000
IS-PRIVATE-LEISURE?                  310      0.059      0.059      0.000
HEALTHY-INFECTION-STATUS             310      0.042      0.042      0.000
RETIRED-AGE                          284      0.213      0.213      0.001
IS-AWAY?                             274      0.049      0.049      0.000
STUDENT-AGE                          129      0.111      0.111      0.001
IS-WORKING-AT-HOME?                  112      0.272      0.155      0.001
IS-WORKING-AT-WORK?                  112      0.218      0.109      0.001
CREATE-HOUSEHOLD                     100    145.639      8.565      0.086
IS-CURRENTLY-WATCHED-BY-AN-ADULT?        78      1.497      0.546      0.007
CURRENT-GATHERERS                     78      0.405      0.405      0.005
SHOPS                                 27      3.442      1.300      0.048
WORKERS                               18      2.208      1.116      0.062
CHILDREN                               6      1.550      0.537      0.089
INFECTED-ASYMPTOMATIC-STATUS           6      0.005      0.005      0.001
SET-INFECTION-STATUS                   3      0.037      0.021      0.007
IS-INFECTION-STATUS?                   3      0.008      0.005      0.002
INFECTED-CRITICAL-INFECTION-STATUS         3      0.002      0.002      0.001
TOTAL-AMOUNT-OF-RESOURCES-AVAILABLE-IN-THE-SYSTEM         2      0.497      0.497      0.249
CREATE-ALL-HOUSEHOLDS                  1    146.452      0.750      0.750
SETUP-ACTIVITIES                       1      3.512      3.504      3.504
UPDATE-DISPLAY                         1      1.531      0.111      0.111
SETUP-SOCIAL-NETWORKS                  1      1.489      0.649      0.649
HOUSES-HOSTING-ADULTS2                 1      1.102      0.575      0.575
YOUNG-AVERAGE-AMOUNT-OF-CAPITAL         1      0.363      0.363      0.363
RETIREES-AVERAGE-AMOUNT-OF-CAPITAL         1      0.361      0.361      0.361
STUDENTS-AVERAGE-AMOUNT-OF-CAPITAL         1      0.359      0.359      0.359
HOUSES-HOSTING-MULTIPLE-GENERATIONS         1      0.325      0.186      0.186
HOUSES-HOSTING-FAMILY                  1      0.301      0.182      0.182
VELOCITY-OF-MONEY-IN-TOTAL-SYSTEM         1      0.293      0.045      0.045
#WORKERS-WORKING-AT-HOSPITAL           1      0.268      0.110      0.110
HOUSES-HOSTING-RETIRED-COUPLE          1      0.267      0.129      0.129
#WORKERS-WORKING-AT-SCHOOL             1      0.241      0.080      0.080
WORKERS-AVERAGE-AMOUNT-OF-CAPITAL         1      0.222      0.055      0.055
#WORKERS-WORKING-AT-ESSENTIAL-SHOP         1      0.214      0.035      0.035
#ADULT-PEOPLE-OUT-OF-CAPITAL           1      0.211      0.211      0.211
#UNIVERSITY-WORKERS                    1      0.205      0.045      0.045
#WORKERS-WORKING-AT-UNIVERSITY         1      0.180      0.032      0.032
#WORKERS-WORKING-AT-NON-ESSENTIAL-SHOP         1      0.180      0.032      0.032
#WORKERS-WORKING-AT-WORKPLACE          1      0.179      0.031      0.031
#UNIVERSITIES-OUT-OF-CAPITAL           1      0.164      0.164      0.164
#NON-ESSENTIAL-SHOP-WORKERS            1      0.159      0.036      0.036
#ESSENTIAL-SHOP-WORKERS                1      0.157      0.038      0.038
#HOSPITAL-WORKERS                      1      0.149      0.037      0.037
#WORKERS-OUT-OF-CAPITAL                1      0.148      0.148      0.148
#HOSPITALS-OUT-OF-CAPITAL              1      0.130      0.130      0.130
#SCHOOL-WORKERS                        1      0.111      0.024      0.024
#RETIRED-OUT-OF-CAPITAL                1      0.106      0.106      0.106
ESSENTIAL-SHOP-AMOUNT-OF-CAPITAL         1      0.106      0.106      0.106
ESSENTIAL-SHOP-AMOUNT-OF-GOODS-IN-STOCK         1      0.106      0.106      0.106
#WORKPLACE-WORKERS                     1      0.105      0.034      0.034
RETIREDS                               1      0.105      0.064      0.064
#STUDENTS-OUT-OF-CAPITAL               1      0.100      0.100      0.100
INFECT-ONE-RANDOM-PERSON               1      0.100      0.059      0.059
STUDENTS                               1      0.093      0.055      0.055
NON-ESSENTIAL-SHOP-AMOUNT-OF-CAPITAL         1      0.073      0.073      0.073
NON-ESSENTIAL-SHOP-AMOUNT-OF-GOODS-IN-STOCK         1      0.069      0.069      0.069
WORKPLACE-AMOUNT-OF-GOODS-IN-STOCK         1      0.067      0.067      0.067
UNIVERSITY-AMOUNT-OF-CAPITAL           1      0.067      0.067      0.067
WORKPLACE-AMOUNT-OF-CAPITAL            1      0.065      0.065      0.065
#ESSENTIAL-SHOPS-OUT-OF-CAPITAL         1      0.063      0.063      0.063
HOSPITAL-AMOUNT-OF-CAPITAL             1      0.061      0.061      0.061
SCHOOL-AMOUNT-OF-CAPITAL               1      0.059      0.059      0.059
#WORKPLACES-OUT-OF-CAPITAL             1      0.053      0.053      0.053
#NON-ESSENTIAL-SHOPS-OUT-OF-CAPITAL         1      0.051      0.051      0.051
#SCHOOLS-OUT-OF-CAPITAL                1      0.048      0.048      0.048
CLOSED-NON-ESSENTIAL?                  1      0.021      0.019      0.019
CHECK-PARAMETERS                       1      0.011      0.011      0.011
SETUP-ACTIVITY-ANIMATE-POSITIONS         1      0.008      0.008      0.008
CLOSED-SCHOOLS?                        1      0.008      0.007      0.007
END PROFILING DUMP

